# JRE version: Java(TM) SE Runtime Environment (8.0_201-b09) (build 1.8.0_201-b09)
# Java VM: Java HotSpot(TM) 64-Bit Server VM (25.201-b09 mixed mode windows-amd64 compressed oops)
Heap:
 PSYoungGen      total 314880K, used 163246K [0x00000000eab00000, 0x0000000100000000, 0x0000000100000000)
  eden space 280576K, 58% used [0x00000000eab00000,0x00000000f4a6bae8,0x00000000fbd00000)
  from space 34304K, 0% used [0x00000000fbd00000,0x00000000fbd00000,0x00000000fde80000)
  to   space 34304K, 0% used [0x00000000fde80000,0x00000000fde80000,0x0000000100000000)
 ParOldGen       total 177152K, used 118389K [0x00000000c0000000, 0x00000000cad00000, 0x00000000eab00000)
  object space 177152K, 66% used [0x00000000c0000000,0x00000000c739d4a8,0x00000000cad00000)
 Metaspace       used 73231K, capacity 74800K, committed 75048K, reserved 1114112K
  class space    used 9490K, capacity 9901K, committed 10024K, reserved 1048576K
GC Heap History (10 events):
Event: 38.458 GC heap before
{Heap before GC invocations=22 (full 5):
 PSYoungGen      total 314880K, used 290576K [0x00000000eab00000, 0x0000000100000000, 0x0000000100000000)
  eden space 280576K, 100% used [0x00000000eab00000,0x00000000fbd00000,0x00000000fbd00000)
  from space 34304K, 29% used [0x00000000fbd00000,0x00000000fc6c4338,0x00000000fde80000)
  to   space 34304K, 0% used [0x00000000fde80000,0x00000000fde80000,0x0000000100000000)
 ParOldGen       total 177152K, used 176786K [0x00000000c0000000, 0x00000000cad00000, 0x00000000eab00000)
  object space 177152K, 99% used [0x00000000c0000000,0x00000000caca4a48,0x00000000cad00000)
 Metaspace       used 63486K, capacity 64906K, committed 65064K, reserved 1105920K
  class space    used 8631K, capacity 9000K, committed 9000K, reserved 1048576K
Event: 38.819 GC heap after
Heap after GC invocations=22 (full 5):
 PSYoungGen      total 314880K, used 103852K [0x00000000eab00000, 0x0000000100000000, 0x0000000100000000)
  eden space 280576K, 37% used [0x00000000eab00000,0x00000000f106b088,0x00000000fbd00000)
  from space 34304K, 0% used [0x00000000fbd00000,0x00000000fbd00000,0x00000000fde80000)
  to   space 34304K, 0% used [0x00000000fde80000,0x00000000fde80000,0x0000000100000000)
 ParOldGen       total 177152K, used 177014K [0x00000000c0000000, 0x00000000cad00000, 0x00000000eab00000)
  object space 177152K, 99% used [0x00000000c0000000,0x00000000cacddae8,0x00000000cad00000)
 Metaspace       used 63486K, capacity 64906K, committed 65064K, reserved 1105920K
  class space    used 8631K, capacity 9000K, committed 9000K, reserved 1048576K
}
Event: 39.312 GC heap before
{Heap before GC invocations=23 (full 6):
 PSYoungGen      total 314880K, used 280576K [0x00000000eab00000, 0x0000000100000000, 0x0000000100000000)
  eden space 280576K, 100% used [0x00000000eab00000,0x00000000fbd00000,0x00000000fbd00000)
  from space 34304K, 0% used [0x00000000fbd00000,0x00000000fbd00000,0x00000000fde80000)
  to   space 34304K, 0% used [0x00000000fde80000,0x00000000fde80000,0x0000000100000000)
 ParOldGen       total 177152K, used 177014K [0x00000000c0000000, 0x00000000cad00000, 0x00000000eab00000)
  object space 177152K, 99% used [0x00000000c0000000,0x00000000cacddae8,0x00000000cad00000)
 Metaspace       used 63486K, capacity 64906K, committed 65064K, reserved 1105920K
  class space    used 8631K, capacity 9000K, committed 9000K, reserved 1048576K
Event: 39.703 GC heap after
Heap after GC invocations=23 (full 6):
 PSYoungGen      total 314880K, used 177908K [0x00000000eab00000, 0x0000000100000000, 0x0000000100000000)
  eden space 280576K, 63% used [0x00000000eab00000,0x00000000f58bd330,0x00000000fbd00000)
  from space 34304K, 0% used [0x00000000fbd00000,0x00000000fbd00000,0x00000000fde80000)
  to   space 34304K, 0% used [0x00000000fde80000,0x00000000fde80000,0x0000000100000000)
 ParOldGen       total 177152K, used 177006K [0x00000000c0000000, 0x00000000cad00000, 0x00000000eab00000)
  object space 177152K, 99% used [0x00000000c0000000,0x00000000cacdb910,0x00000000cad00000)
 Metaspace       used 63486K, capacity 64906K, committed 65064K, reserved 1105920K
  class space    used 8631K, capacity 9000K, committed 9000K, reserved 1048576K
}
Event: 40.040 GC heap before
{Heap before GC invocations=24 (full 7):
 PSYoungGen      total 314880K, used 280576K [0x00000000eab00000, 0x0000000100000000, 0x0000000100000000)
  eden space 280576K, 100% used [0x00000000eab00000,0x00000000fbd00000,0x00000000fbd00000)
  from space 34304K, 0% used [0x00000000fbd00000,0x00000000fbd00000,0x00000000fde80000)
  to   space 34304K, 0% used [0x00000000fde80000,0x00000000fde80000,0x0000000100000000)
 ParOldGen       total 177152K, used 177006K [0x00000000c0000000, 0x00000000cad00000, 0x00000000eab00000)
  object space 177152K, 99% used [0x00000000c0000000,0x00000000cacdb910,0x00000000cad00000)
 Metaspace       used 63536K, capacity 65008K, committed 65192K, reserved 1105920K
  class space    used 8635K, capacity 9033K, committed 9128K, reserved 1048576K
Event: 40.500 GC heap after
Heap after GC invocations=24 (full 7):
 PSYoungGen      total 314880K, used 205037K [0x00000000eab00000, 0x0000000100000000, 0x0000000100000000)
  eden space 280576K, 73% used [0x00000000eab00000,0x00000000f733b6a8,0x00000000fbd00000)
  from space 34304K, 0% used [0x00000000fbd00000,0x00000000fbd00000,0x00000000fde80000)
  to   space 34304K, 0% used [0x00000000fde80000,0x00000000fde80000,0x0000000100000000)
 ParOldGen       total 177152K, used 176836K [0x00000000c0000000, 0x00000000cad00000, 0x00000000eab00000)
  object space 177152K, 99% used [0x00000000c0000000,0x00000000cacb12c8,0x00000000cad00000)
 Metaspace       used 63536K, capacity 65008K, committed 65192K, reserved 1105920K
  class space    used 8635K, capacity 9033K, committed 9128K, reserved 1048576K
}
Event: 40.703 GC heap before
{Heap before GC invocations=25 (full 8):
 PSYoungGen      total 314880K, used 280576K [0x00000000eab00000, 0x0000000100000000, 0x0000000100000000)
  eden space 280576K, 100% used [0x00000000eab00000,0x00000000fbd00000,0x00000000fbd00000)
  from space 34304K, 0% used [0x00000000fbd00000,0x00000000fbd00000,0x00000000fde80000)
  to   space 34304K, 0% used [0x00000000fde80000,0x00000000fde80000,0x0000000100000000)
 ParOldGen       total 177152K, used 176836K [0x00000000c0000000, 0x00000000cad00000, 0x00000000eab00000)
  object space 177152K, 99% used [0x00000000c0000000,0x00000000cacb12c8,0x00000000cad00000)
 Metaspace       used 63543K, capacity 65008K, committed 65192K, reserved 1105920K
  class space    used 8635K, capacity 9033K, committed 9128K, reserved 1048576K
Event: 41.086 GC heap after
Heap after GC invocations=25 (full 8):
 PSYoungGen      total 314880K, used 198492K [0x00000000eab00000, 0x0000000100000000, 0x0000000100000000)
  eden space 280576K, 70% used [0x00000000eab00000,0x00000000f6cd73a8,0x00000000fbd00000)
  from space 34304K, 0% used [0x00000000fbd00000,0x00000000fbd00000,0x00000000fde80000)
  to   space 34304K, 0% used [0x00000000fde80000,0x00000000fde80000,0x0000000100000000)
 ParOldGen       total 177152K, used 176672K [0x00000000c0000000, 0x00000000cad00000, 0x00000000eab00000)
  object space 177152K, 99% used [0x00000000c0000000,0x00000000cac882a0,0x00000000cad00000)
 Metaspace       used 63543K, capacity 65008K, committed 65192K, reserved 1105920K
  class space    used 8635K, capacity 9033K, committed 9128K, reserved 1048576K
}
Event: 41.493 GC heap before
{Heap before GC invocations=26 (full 9):
 PSYoungGen      total 314880K, used 280576K [0x00000000eab00000, 0x0000000100000000, 0x0000000100000000)
  eden space 280576K, 100% used [0x00000000eab00000,0x00000000fbd00000,0x00000000fbd00000)
  from space 34304K, 0% used [0x00000000fbd00000,0x00000000fbd00000,0x00000000fde80000)
  to   space 34304K, 0% used [0x00000000fde80000,0x00000000fde80000,0x0000000100000000)
 ParOldGen       total 177152K, used 176672K [0x00000000c0000000, 0x00000000cad00000, 0x00000000eab00000)
  object space 177152K, 99% used [0x00000000c0000000,0x00000000cac882a0,0x00000000cad00000)
 Metaspace       used 64565K, capacity 66090K, committed 66344K, reserved 1105920K
  class space    used 8756K, capacity 9162K, committed 9256K, reserved 1048576K
Event: 41.706 GC heap after
Heap after GC invocations=26 (full 9):
 PSYoungGen      total 314880K, used 0K [0x00000000eab00000, 0x0000000100000000, 0x0000000100000000)
  eden space 280576K, 0% used [0x00000000eab00000,0x00000000eab00000,0x00000000fbd00000)
  from space 34304K, 0% used [0x00000000fbd00000,0x00000000fbd00000,0x00000000fde80000)
  to   space 34304K, 0% used [0x00000000fde80000,0x00000000fde80000,0x0000000100000000)
 ParOldGen       total 177152K, used 118389K [0x00000000c0000000, 0x00000000cad00000, 0x00000000eab00000)
  object space 177152K, 66% used [0x00000000c0000000,0x00000000c739d4a8,0x00000000cad00000)
 Metaspace       used 64565K, capacity 66090K, committed 66344K, reserved 1105920K
  class space    used 8756K, capacity 9162K, committed 9256K, reserved 1048576K
}

